Build started 2015/12/23 下午 06:41:14.
     1>Project "D:\石心\Academic\Computer Graphics\HW\2\CG_HW_2\MeshExample.vcxproj" on node 2 (Build target(s)).
     1>ClCompile:
         C:\Program Files (x86)\Microsoft Visual Studio 14.0\VC\bin\CL.exe /c /Zi /nologo /W3 /WX- /O2 /Oy- /GL /D WIN32 /D NDEBUG /D _CONSOLE /D _UNICODE /D UNICODE /Gm- /EHsc /MD /GS /fp:precise /Zc:wchar_t /Zc:forScope /Zc:inline /Fo"Release\\" /Fd"Release\vc140.pdb" /Gd /TP /analyze- /errorReport:prompt main.cpp
         main.cpp
       Link:
         C:\Program Files (x86)\Microsoft Visual Studio 14.0\VC\bin\link.exe /ERRORREPORT:PROMPT /OUT:"D:\石心\Academic\Computer Graphics\HW\2\CG_HW_2\Release\MeshExample.exe" /INCREMENTAL:NO /NOLOGO kernel32.lib user32.lib gdi32.lib winspool.lib comdlg32.lib advapi32.lib shell32.lib ole32.lib oleaut32.lib uuid.lib odbc32.lib odbccp32.lib /MANIFEST /MANIFESTUAC:"level='asInvoker' uiAccess='false'" /manifest:embed /Debug /PDB:"D:\石心\Academic\Computer Graphics\HW\2\CG_HW_2\Release\MeshExample.pdb" /SUBSYSTEM:CONSOLE /OPT:REF /OPT:ICF /LTCG:incremental /TLBID:1 /DYNAMICBASE /NXCOMPAT /IMPLIB:"D:\石心\Academic\Computer Graphics\HW\2\CG_HW_2\Release\MeshExample.lib" /MACHINE:X86 /SAFESEH Release\light.obj
         Release\main.obj
         Release\mesh.obj
         Release\scene.obj
         Release\Vector3D.obj
         Release\view.obj
         Generating code
         1 of 610 functions ( 0.2%) were compiled, the rest were copied from previous compilation.
           0 functions were new in current compilation
           8 functions had inline decision re-evaluated but remain unchanged
         Finished generating code
         MeshExample.vcxproj -> D:\石心\Academic\Computer Graphics\HW\2\CG_HW_2\Release\MeshExample.exe
     1>Done Building Project "D:\石心\Academic\Computer Graphics\HW\2\CG_HW_2\MeshExample.vcxproj" (Build target(s)).

Build succeeded.

Time Elapsed 00:00:03.76
